# JRE version: Java(TM) SE Runtime Environment (9.0+11) (build 9.0.1+11)
# Java VM: Java HotSpot(TM) 64-Bit Server VM (9.0.1+11, mixed mode, tiered, compressed oops, g1 gc, windows-amd64)
Heap:
 garbage-first heap   total 139264K, used 31743K [0x00000006c1a00000, 0x00000006c1b00440, 0x00000007c0000000)
  region size 1024K, 25 young (25600K), 5 survivors (5120K)
 Metaspace       used 5757K, capacity 5890K, committed 6016K, reserved 1056768K
  class space    used 541K, capacity 570K, committed 640K, reserved 1048576K
GC Heap History (10 events):
Event: 5.812 GC heap before
{Heap before GC invocations=45 (full 7):
 garbage-first heap   total 139264K, used 31823K [0x00000006c1a00000, 0x00000006c1b00440, 0x00000007c0000000)
  region size 1024K, 25 young (25600K), 5 survivors (5120K)
 Metaspace       used 5749K, capacity 5890K, committed 6016K, reserved 1056768K
  class space    used 541K, capacity 570K, committed 640K, reserved 1048576K
}
Event: 5.860 GC heap after
{Heap after GC invocations=46 (full 8):
 garbage-first heap   total 16384K, used 4764K [0x00000006c1a00000, 0x00000006c1b00080, 0x00000007c0000000)
  region size 1024K, 0 young (0K), 0 survivors (0K)
 Metaspace       used 5749K, capacity 5890K, committed 6016K, reserved 1056768K
  class space    used 541K, capacity 570K, committed 640K, reserved 1048576K
}
Event: 5.900 GC heap before
{Heap before GC invocations=46 (full 8):
 garbage-first heap   total 16384K, used 7836K [0x00000006c1a00000, 0x00000006c1b00080, 0x00000007c0000000)
  region size 1024K, 3 young (3072K), 0 survivors (0K)
 Metaspace       used 5757K, capacity 5890K, committed 6016K, reserved 1056768K
  class space    used 541K, capacity 570K, committed 640K, reserved 1048576K
}
Event: 5.904 GC heap after
{Heap after GC invocations=47 (full 8):
 garbage-first heap   total 16384K, used 6864K [0x00000006c1a00000, 0x00000006c1b00080, 0x00000007c0000000)
  region size 1024K, 1 young (1024K), 1 survivors (1024K)
 Metaspace       used 5757K, capacity 5890K, committed 6016K, reserved 1056768K
  class space    used 541K, capacity 570K, committed 640K, reserved 1048576K
}
Event: 5.919 GC heap before
{Heap before GC invocations=47 (full 8):
 garbage-first heap   total 16384K, used 8912K [0x00000006c1a00000, 0x00000006c1b00080, 0x00000007c0000000)
  region size 1024K, 3 young (3072K), 1 survivors (1024K)
 Metaspace       used 5757K, capacity 5890K, committed 6016K, reserved 1056768K
  class space    used 541K, capacity 570K, committed 640K, reserved 1048576K
}
Event: 5.923 GC heap after
{Heap after GC invocations=48 (full 8):
 garbage-first heap   total 16384K, used 8376K [0x00000006c1a00000, 0x00000006c1b00080, 0x00000007c0000000)
  region size 1024K, 1 young (1024K), 1 survivors (1024K)
 Metaspace       used 5757K, capacity 5890K, committed 6016K, reserved 1056768K
  class space    used 541K, capacity 570K, committed 640K, reserved 1048576K
}
Event: 5.929 GC heap before
{Heap before GC invocations=48 (full 8):
 garbage-first heap   total 16384K, used 9400K [0x00000006c1a00000, 0x00000006c1b00080, 0x00000007c0000000)
  region size 1024K, 2 young (2048K), 1 survivors (1024K)
 Metaspace       used 5757K, capacity 5890K, committed 6016K, reserved 1056768K
  class space    used 541K, capacity 570K, committed 640K, reserved 1048576K
}
Event: 5.937 GC heap after
{Heap after GC invocations=49 (full 8):
 garbage-first heap   total 139264K, used 9338K [0x00000006c1a00000, 0x00000006c1b00440, 0x00000007c0000000)
  region size 1024K, 1 young (1024K), 1 survivors (1024K)
 Metaspace       used 5757K, capacity 5890K, committed 6016K, reserved 1056768K
  class space    used 541K, capacity 570K, committed 640K, reserved 1048576K
}
Event: 6.085 GC heap before
{Heap before GC invocations=50 (full 8):
 garbage-first heap   total 139264K, used 46557K [0x00000006c1a00000, 0x00000006c1b00440, 0x00000007c0000000)
  region size 1024K, 39 young (39936K), 1 survivors (1024K)
 Metaspace       used 5757K, capacity 5890K, committed 6016K, reserved 1056768K
  class space    used 541K, capacity 570K, committed 640K, reserved 1048576K
}
Event: 6.095 GC heap after
{Heap after GC invocations=51 (full 8):
 garbage-first heap   total 139264K, used 12287K [0x00000006c1a00000, 0x00000006c1b00440, 0x00000007c0000000)
  region size 1024K, 5 young (5120K), 5 survivors (5120K)
 Metaspace       used 5757K, capacity 5890K, committed 6016K, reserved 1056768K
  class space    used 541K, capacity 570K, committed 640K, reserved 1048576K
}

