# JRE version: Java(TM) SE Runtime Environment (9.0+11) (build 9.0.1+11)
# Java VM: Java HotSpot(TM) 64-Bit Server VM (9.0.1+11, mixed mode, tiered, compressed oops, g1 gc, windows-amd64)
Heap:
 garbage-first heap   total 139264K, used 32901K [0x00000006c1a00000, 0x00000006c1b00440, 0x00000007c0000000)
  region size 1024K, 26 young (26624K), 5 survivors (5120K)
 Metaspace       used 5740K, capacity 5890K, committed 6016K, reserved 1056768K
  class space    used 542K, capacity 570K, committed 640K, reserved 1048576K
GC Heap History (10 events):
Event: 4.050 GC heap before
{Heap before GC invocations=27 (full 4):
 garbage-first heap   total 139264K, used 32954K [0x00000006c1a00000, 0x00000006c1b00440, 0x00000007c0000000)
  region size 1024K, 26 young (26624K), 5 survivors (5120K)
 Metaspace       used 5726K, capacity 5890K, committed 6016K, reserved 1056768K
  class space    used 542K, capacity 570K, committed 640K, reserved 1048576K
}
Event: 4.122 GC heap after
{Heap after GC invocations=28 (full 5):
 garbage-first heap   total 16384K, used 4819K [0x00000006c1a00000, 0x00000006c1b00080, 0x00000007c0000000)
  region size 1024K, 0 young (0K), 0 survivors (0K)
 Metaspace       used 5726K, capacity 5890K, committed 6016K, reserved 1056768K
  class space    used 542K, capacity 570K, committed 640K, reserved 1048576K
}
Event: 4.152 GC heap before
{Heap before GC invocations=28 (full 5):
 garbage-first heap   total 16384K, used 7891K [0x00000006c1a00000, 0x00000006c1b00080, 0x00000007c0000000)
  region size 1024K, 3 young (3072K), 0 survivors (0K)
 Metaspace       used 5740K, capacity 5890K, committed 6016K, reserved 1056768K
  class space    used 542K, capacity 570K, committed 640K, reserved 1048576K
}
Event: 4.156 GC heap after
{Heap after GC invocations=29 (full 5):
 garbage-first heap   total 16384K, used 6914K [0x00000006c1a00000, 0x00000006c1b00080, 0x00000007c0000000)
  region size 1024K, 1 young (1024K), 1 survivors (1024K)
 Metaspace       used 5740K, capacity 5890K, committed 6016K, reserved 1056768K
  class space    used 542K, capacity 570K, committed 640K, reserved 1048576K
}
Event: 4.172 GC heap before
{Heap before GC invocations=29 (full 5):
 garbage-first heap   total 16384K, used 8962K [0x00000006c1a00000, 0x00000006c1b00080, 0x00000007c0000000)
  region size 1024K, 3 young (3072K), 1 survivors (1024K)
 Metaspace       used 5740K, capacity 5890K, committed 6016K, reserved 1056768K
  class space    used 542K, capacity 570K, committed 640K, reserved 1048576K
}
Event: 4.177 GC heap after
{Heap after GC invocations=30 (full 5):
 garbage-first heap   total 16384K, used 8401K [0x00000006c1a00000, 0x00000006c1b00080, 0x00000007c0000000)
  region size 1024K, 1 young (1024K), 1 survivors (1024K)
 Metaspace       used 5740K, capacity 5890K, committed 6016K, reserved 1056768K
  class space    used 542K, capacity 570K, committed 640K, reserved 1048576K
}
Event: 4.183 GC heap before
{Heap before GC invocations=30 (full 5):
 garbage-first heap   total 16384K, used 9425K [0x00000006c1a00000, 0x00000006c1b00080, 0x00000007c0000000)
  region size 1024K, 2 young (2048K), 1 survivors (1024K)
 Metaspace       used 5740K, capacity 5890K, committed 6016K, reserved 1056768K
  class space    used 542K, capacity 570K, committed 640K, reserved 1048576K
}
Event: 4.190 GC heap after
{Heap after GC invocations=31 (full 5):
 garbage-first heap   total 139264K, used 9365K [0x00000006c1a00000, 0x00000006c1b00440, 0x00000007c0000000)
  region size 1024K, 1 young (1024K), 1 survivors (1024K)
 Metaspace       used 5740K, capacity 5890K, committed 6016K, reserved 1056768K
  class space    used 542K, capacity 570K, committed 640K, reserved 1048576K
}
Event: 4.338 GC heap before
{Heap before GC invocations=32 (full 5):
 garbage-first heap   total 139264K, used 46529K [0x00000006c1a00000, 0x00000006c1b00440, 0x00000007c0000000)
  region size 1024K, 39 young (39936K), 1 survivors (1024K)
 Metaspace       used 5740K, capacity 5890K, committed 6016K, reserved 1056768K
  class space    used 542K, capacity 570K, committed 640K, reserved 1048576K
}
Event: 4.348 GC heap after
{Heap after GC invocations=33 (full 5):
 garbage-first heap   total 139264K, used 12421K [0x00000006c1a00000, 0x00000006c1b00440, 0x00000007c0000000)
  region size 1024K, 5 young (5120K), 5 survivors (5120K)
 Metaspace       used 5740K, capacity 5890K, committed 6016K, reserved 1056768K
  class space    used 542K, capacity 570K, committed 640K, reserved 1048576K
}

