# JRE version: Java(TM) SE Runtime Environment (9.0+11) (build 9.0.1+11)
# Java VM: Java HotSpot(TM) 64-Bit Server VM (9.0.1+11, mixed mode, tiered, compressed oops, g1 gc, windows-amd64)
Heap:
 garbage-first heap   total 262144K, used 37706K [0x00000006c1a00000, 0x00000006c1b00800, 0x00000007c0000000)
  region size 1024K, 25 young (25600K), 9 survivors (9216K)
 Metaspace       used 5714K, capacity 5890K, committed 6016K, reserved 1056768K
  class space    used 542K, capacity 570K, committed 640K, reserved 1048576K
GC Heap History (8 events):
Event: 0.948 GC heap before
{Heap before GC invocations=0 (full 0):
 garbage-first heap   total 262144K, used 25600K [0x00000006c1a00000, 0x00000006c1b00800, 0x00000007c0000000)
  region size 1024K, 24 young (24576K), 0 survivors (0K)
 Metaspace       used 5683K, capacity 5762K, committed 6016K, reserved 1056768K
  class space    used 538K, capacity 570K, committed 640K, reserved 1048576K
}
Event: 0.981 GC heap after
{Heap after GC invocations=1 (full 0):
 garbage-first heap   total 262144K, used 11472K [0x00000006c1a00000, 0x00000006c1b00800, 0x00000007c0000000)
  region size 1024K, 3 young (3072K), 3 survivors (3072K)
 Metaspace       used 5683K, capacity 5762K, committed 6016K, reserved 1056768K
  class space    used 538K, capacity 570K, committed 640K, reserved 1048576K
}
Event: 1.019 GC heap before
{Heap before GC invocations=1 (full 0):
 garbage-first heap   total 262144K, used 23760K [0x00000006c1a00000, 0x00000006c1b00800, 0x00000007c0000000)
  region size 1024K, 15 young (15360K), 3 survivors (3072K)
 Metaspace       used 5687K, capacity 5762K, committed 6016K, reserved 1056768K
  class space    used 538K, capacity 570K, committed 640K, reserved 1048576K
}
Event: 1.025 GC heap after
{Heap after GC invocations=2 (full 0):
 garbage-first heap   total 262144K, used 12452K [0x00000006c1a00000, 0x00000006c1b00800, 0x00000007c0000000)
  region size 1024K, 1 young (1024K), 1 survivors (1024K)
 Metaspace       used 5687K, capacity 5762K, committed 6016K, reserved 1056768K
  class space    used 538K, capacity 570K, committed 640K, reserved 1048576K
}
Event: 1.086 GC heap before
{Heap before GC invocations=2 (full 0):
 garbage-first heap   total 262144K, used 33956K [0x00000006c1a00000, 0x00000006c1b00800, 0x00000007c0000000)
  region size 1024K, 22 young (22528K), 1 survivors (1024K)
 Metaspace       used 5697K, capacity 5762K, committed 6016K, reserved 1056768K
  class space    used 539K, capacity 570K, committed 640K, reserved 1048576K
}
Event: 1.087 GC heap after
{Heap after GC invocations=3 (full 0):
 garbage-first heap   total 262144K, used 12261K [0x00000006c1a00000, 0x00000006c1b00800, 0x00000007c0000000)
  region size 1024K, 1 young (1024K), 1 survivors (1024K)
 Metaspace       used 5697K, capacity 5762K, committed 6016K, reserved 1056768K
  class space    used 539K, capacity 570K, committed 640K, reserved 1048576K
}
Event: 1.693 GC heap before
{Heap before GC invocations=3 (full 0):
 garbage-first heap   total 262144K, used 79845K [0x00000006c1a00000, 0x00000006c1b00800, 0x00000007c0000000)
  region size 1024K, 66 young (67584K), 1 survivors (1024K)
 Metaspace       used 5714K, capacity 5890K, committed 6016K, reserved 1056768K
  class space    used 542K, capacity 570K, committed 640K, reserved 1048576K
}
Event: 1.712 GC heap after
{Heap after GC invocations=4 (full 0):
 garbage-first heap   total 262144K, used 22346K [0x00000006c1a00000, 0x00000006c1b00800, 0x00000007c0000000)
  region size 1024K, 9 young (9216K), 9 survivors (9216K)
 Metaspace       used 5714K, capacity 5890K, committed 6016K, reserved 1056768K
  class space    used 542K, capacity 570K, committed 640K, reserved 1048576K
}

