# JRE version: Java(TM) SE Runtime Environment (10.0.2+13) (build 10.0.2+13)
# Java VM: Java HotSpot(TM) 64-Bit Server VM (10.0.2+13, mixed mode, tiered, compressed oops, g1 gc, windows-amd64)
Heap:
 garbage-first heap   total 262144K, used 20060K [0x00000006c1a00000, 0x00000007c0000000)
  region size 1024K, 21 young (21504K), 8 survivors (8192K)
 Metaspace       used 6869K, capacity 6951K, committed 7040K, reserved 1056768K
  class space    used 539K, capacity 576K, committed 640K, reserved 1048576K
GC Heap History (10 events):
Event: 2.040 GC heap before
{Heap before GC invocations=1 (full 0):
 garbage-first heap   total 262144K, used 155704K [0x00000006c1a00000, 0x00000007c0000000)
  region size 1024K, 153 young (156672K), 2 survivors (2048K)
 Metaspace       used 5804K, capacity 5927K, committed 6144K, reserved 1056768K
  class space    used 458K, capacity 512K, committed 512K, reserved 1048576K
}
Event: 2.042 GC heap after
{Heap after GC invocations=2 (full 0):
 garbage-first heap   total 262144K, used 1168K [0x00000006c1a00000, 0x00000007c0000000)
  region size 1024K, 2 young (2048K), 2 survivors (2048K)
 Metaspace       used 5804K, capacity 5927K, committed 6144K, reserved 1056768K
  class space    used 458K, capacity 512K, committed 512K, reserved 1048576K
}
Event: 2.473 GC heap before
{Heap before GC invocations=2 (full 0):
 garbage-first heap   total 262144K, used 155792K [0x00000006c1a00000, 0x00000007c0000000)
  region size 1024K, 153 young (156672K), 2 survivors (2048K)
 Metaspace       used 6619K, capacity 6695K, committed 6784K, reserved 1056768K
  class space    used 532K, capacity 576K, committed 640K, reserved 1048576K
}
Event: 2.478 GC heap after
{Heap after GC invocations=3 (full 0):
 garbage-first heap   total 262144K, used 5823K [0x00000006c1a00000, 0x00000007c0000000)
  region size 1024K, 6 young (6144K), 6 survivors (6144K)
 Metaspace       used 6619K, capacity 6695K, committed 6784K, reserved 1056768K
  class space    used 532K, capacity 576K, committed 640K, reserved 1048576K
}
Event: 2.512 GC heap before
{Heap before GC invocations=3 (full 0):
 garbage-first heap   total 262144K, used 156351K [0x00000006c1a00000, 0x00000007c0000000)
  region size 1024K, 153 young (156672K), 6 survivors (6144K)
 Metaspace       used 6619K, capacity 6695K, committed 6784K, reserved 1056768K
  class space    used 532K, capacity 576K, committed 640K, reserved 1048576K
}
Event: 2.517 GC heap after
{Heap after GC invocations=4 (full 0):
 garbage-first heap   total 262144K, used 6557K [0x00000006c1a00000, 0x00000007c0000000)
  region size 1024K, 7 young (7168K), 7 survivors (7168K)
 Metaspace       used 6619K, capacity 6695K, committed 6784K, reserved 1056768K
  class space    used 532K, capacity 576K, committed 640K, reserved 1048576K
}
Event: 2.546 GC heap before
{Heap before GC invocations=4 (full 0):
 garbage-first heap   total 262144K, used 156061K [0x00000006c1a00000, 0x00000007c0000000)
  region size 1024K, 153 young (156672K), 7 survivors (7168K)
 Metaspace       used 6619K, capacity 6695K, committed 6784K, reserved 1056768K
  class space    used 532K, capacity 576K, committed 640K, reserved 1048576K
}
Event: 2.551 GC heap after
{Heap after GC invocations=5 (full 0):
 garbage-first heap   total 262144K, used 7085K [0x00000006c1a00000, 0x00000007c0000000)
  region size 1024K, 7 young (7168K), 7 survivors (7168K)
 Metaspace       used 6619K, capacity 6695K, committed 6784K, reserved 1056768K
  class space    used 532K, capacity 576K, committed 640K, reserved 1048576K
}
Event: 2.577 GC heap before
{Heap before GC invocations=5 (full 0):
 garbage-first heap   total 262144K, used 156589K [0x00000006c1a00000, 0x00000007c0000000)
  region size 1024K, 153 young (156672K), 7 survivors (7168K)
 Metaspace       used 6619K, capacity 6695K, committed 6784K, reserved 1056768K
  class space    used 532K, capacity 576K, committed 640K, reserved 1048576K
}
Event: 2.582 GC heap after
{Heap after GC invocations=6 (full 0):
 garbage-first heap   total 262144K, used 7772K [0x00000006c1a00000, 0x00000007c0000000)
  region size 1024K, 8 young (8192K), 8 survivors (8192K)
 Metaspace       used 6619K, capacity 6695K, committed 6784K, reserved 1056768K
  class space    used 532K, capacity 576K, committed 640K, reserved 1048576K
}

