# JRE version: Java(TM) SE Runtime Environment (9.0+11) (build 9.0.1+11)
# Java VM: Java HotSpot(TM) 64-Bit Server VM (9.0.1+11, mixed mode, tiered, compressed oops, g1 gc, windows-amd64)
Heap:
 garbage-first heap   total 512000K, used 97897K [0x00000006c1a00000, 0x00000006c1b00fa0, 0x00000007c0000000)
  region size 1024K, 12 young (12288K), 11 survivors (11264K)
 Metaspace       used 5713K, capacity 5890K, committed 6016K, reserved 1056768K
  class space    used 541K, capacity 570K, committed 640K, reserved 1048576K
GC Heap History (10 events):
Event: 2.751 GC heap before
{Heap before GC invocations=4 (full 0):
 garbage-first heap   total 262144K, used 173081K [0x00000006c1a00000, 0x00000006c1b00800, 0x00000007c0000000)
  region size 1024K, 153 young (156672K), 8 survivors (8192K)
 Metaspace       used 5713K, capacity 5890K, committed 6016K, reserved 1056768K
  class space    used 541K, capacity 570K, committed 640K, reserved 1048576K
}
Event: 2.837 GC heap after
{Heap after GC invocations=5 (full 0):
 garbage-first heap   total 262144K, used 42599K [0x00000006c1a00000, 0x00000006c1b00800, 0x00000007c0000000)
  region size 1024K, 20 young (20480K), 20 survivors (20480K)
 Metaspace       used 5713K, capacity 5890K, committed 6016K, reserved 1056768K
  class space    used 541K, capacity 570K, committed 640K, reserved 1048576K
}
Event: 3.269 GC heap before
{Heap before GC invocations=5 (full 0):
 garbage-first heap   total 262144K, used 82535K [0x00000006c1a00000, 0x00000006c1b00800, 0x00000007c0000000)
  region size 1024K, 58 young (59392K), 20 survivors (20480K)
 Metaspace       used 5713K, capacity 5890K, committed 6016K, reserved 1056768K
  class space    used 541K, capacity 570K, committed 640K, reserved 1048576K
}
Event: 3.324 GC heap after
{Heap after GC invocations=6 (full 0):
 garbage-first heap   total 512000K, used 53229K [0x00000006c1a00000, 0x00000006c1b00fa0, 0x00000007c0000000)
  region size 1024K, 8 young (8192K), 8 survivors (8192K)
 Metaspace       used 5713K, capacity 5890K, committed 6016K, reserved 1056768K
  class space    used 541K, capacity 570K, committed 640K, reserved 1048576K
}
Event: 3.939 GC heap before
{Heap before GC invocations=6 (full 0):
 garbage-first heap   total 512000K, used 136173K [0x00000006c1a00000, 0x00000006c1b00fa0, 0x00000007c0000000)
  region size 1024K, 88 young (90112K), 8 survivors (8192K)
 Metaspace       used 5713K, capacity 5890K, committed 6016K, reserved 1056768K
  class space    used 541K, capacity 570K, committed 640K, reserved 1048576K
}
Event: 3.968 GC heap after
{Heap after GC invocations=7 (full 0):
 garbage-first heap   total 512000K, used 65880K [0x00000006c1a00000, 0x00000006c1b00fa0, 0x00000007c0000000)
  region size 1024K, 10 young (10240K), 10 survivors (10240K)
 Metaspace       used 5713K, capacity 5890K, committed 6016K, reserved 1056768K
  class space    used 541K, capacity 570K, committed 640K, reserved 1048576K
}
Event: 4.830 GC heap before
{Heap before GC invocations=7 (full 0):
 garbage-first heap   total 512000K, used 173400K [0x00000006c1a00000, 0x00000006c1b00fa0, 0x00000007c0000000)
  region size 1024K, 113 young (115712K), 10 survivors (10240K)
 Metaspace       used 5713K, capacity 5890K, committed 6016K, reserved 1056768K
  class space    used 541K, capacity 570K, committed 640K, reserved 1048576K
}
Event: 4.873 GC heap after
{Heap after GC invocations=8 (full 0):
 garbage-first heap   total 512000K, used 85502K [0x00000006c1a00000, 0x00000006c1b00fa0, 0x00000007c0000000)
  region size 1024K, 15 young (15360K), 15 survivors (15360K)
 Metaspace       used 5713K, capacity 5890K, committed 6016K, reserved 1056768K
  class space    used 541K, capacity 570K, committed 640K, reserved 1048576K
}
Event: 5.434 GC heap before
{Heap before GC invocations=8 (full 0):
 garbage-first heap   total 512000K, used 195070K [0x00000006c1a00000, 0x00000006c1b00fa0, 0x00000007c0000000)
  region size 1024K, 121 young (123904K), 15 survivors (15360K)
 Metaspace       used 5713K, capacity 5890K, committed 6016K, reserved 1056768K
  class space    used 541K, capacity 570K, committed 640K, reserved 1048576K
}
Event: 5.515 GC heap after
{Heap after GC invocations=9 (full 0):
 garbage-first heap   total 512000K, used 97897K [0x00000006c1a00000, 0x00000006c1b00fa0, 0x00000007c0000000)
  region size 1024K, 11 young (11264K), 11 survivors (11264K)
 Metaspace       used 5713K, capacity 5890K, committed 6016K, reserved 1056768K
  class space    used 541K, capacity 570K, committed 640K, reserved 1048576K
}

